<?xml version="1.0" encoding="UTF-8"?>
<!-- Generated by org.testng.reporters.JUnitXMLReporter -->
<testsuite ignored="0" hostname="DESKTOP-5AC48M5" failures="1" tests="19" name="Test" time="0.643" errors="0" timestamp="2023-09-16T12:53:19 IST">
  <testcase classname="testngbasic.Example2" name="home" time="0.028"/>
  <testcase classname="testngbasic.Example2" name="home" time="0.005"/>
  <testcase classname="testngbasic.Example2" name="home" time="0.008"/>
  <testcase classname="testngbasic.Example2" name="home" time="0.006"/>
  <testcase classname="testngbasic.Example2" name="home" time="0.008"/>
  <testcase classname="testngbasic.Example2" name="contact" time="0.005">
    <failure type="java.lang.ArithmeticException" message="/ by zero">
      <![CDATA[java.lang.ArithmeticException: / by zero
at testngbasic.Example2.contact(Example2.java:16)
at java.base/java.util.ArrayList.forEach(ArrayList.java:1511)
... Removed 25 stack frames]]>
    </failure>
  </testcase> <!-- contact -->
  <testcase classname="testngbasic.Example2" name="login" time="0.01"/>
  <testcase classname="testngbasic.Example1" name="contact" time="0.009"/>
  <testcase classname="testngbasic.Example1" name="home" time="0.003"/>
  <testcase classname="testngbasic.Example1" name="home" time="0.025"/>
  <testcase classname="testngbasic.Example1" name="home" time="0.01"/>
  <testcase classname="testngbasic.Example1" name="home" time="0.007"/>
  <testcase classname="testngbasic.Example1" name="home" time="0.007"/>
  <testcase classname="testngbasic.Example1" name="login" time="0.01"/>
  <testcase classname="testngbasic.Example" name="contact1" time="0.003"/>
  <testcase classname="testngbasic.Example" name="login" time="0.005"/>
  <testcase classname="testngbasic.Example" name="home" time="0.003"/>
  <testcase classname="testngbasic.Example" name="contact" time="0.005"/>
  <testcase classname="pagelayer.Example1" name="test1" time="0.005"/>
</testsuite> <!-- Test -->
