<?xml version="1.0" encoding="UTF-8"?>
<testng-results ignored="0" total="19" passed="18" failed="1" skipped="0">
  <reporter-output>
  </reporter-output>
  <suite started-at="2023-09-16T12:53:18 IST" name="Suite" finished-at="2023-09-16T12:53:19 IST" duration-ms="643">
    <groups>
    </groups>
    <test started-at="2023-09-16T12:53:18 IST" name="Test" finished-at="2023-09-16T12:53:19 IST" duration-ms="643">
      <class name="pagelayer.Example1">
        <test-method signature="test1()[pri:0, instance:pagelayer.Example1@49e53c76]" started-at="2023-09-16T12:53:19 IST" name="test1" finished-at="2023-09-16T12:53:19 IST" duration-ms="5" status="PASS">
          <reporter-output>
          </reporter-output>
        </test-method> <!-- test1 -->
      </class> <!-- pagelayer.Example1 -->
      <class name="testngbasic.Example">
        <test-method signature="contact1()[pri:0, instance:testngbasic.Example@38d8f54a]" started-at="2023-09-16T12:53:19 IST" name="contact1" finished-at="2023-09-16T12:53:19 IST" duration-ms="3" status="PASS">
          <reporter-output>
          </reporter-output>
        </test-method> <!-- contact1 -->
        <test-method signature="login()[pri:1, instance:testngbasic.Example@38d8f54a]" started-at="2023-09-16T12:53:19 IST" name="login" finished-at="2023-09-16T12:53:19 IST" duration-ms="5" status="PASS">
          <reporter-output>
          </reporter-output>
        </test-method> <!-- login -->
        <test-method signature="home()[pri:2, instance:testngbasic.Example@38d8f54a]" started-at="2023-09-16T12:53:19 IST" name="home" finished-at="2023-09-16T12:53:19 IST" duration-ms="3" status="PASS">
          <reporter-output>
          </reporter-output>
        </test-method> <!-- home -->
        <test-method signature="contact()[pri:3, instance:testngbasic.Example@38d8f54a]" started-at="2023-09-16T12:53:19 IST" name="contact" finished-at="2023-09-16T12:53:19 IST" duration-ms="5" status="PASS">
          <reporter-output>
          </reporter-output>
        </test-method> <!-- contact -->
      </class> <!-- testngbasic.Example -->
      <class name="testngbasic.Example2">
        <test-method signature="home()[pri:-1, instance:testngbasic.Example2@6cf0e0ba]" started-at="2023-09-16T12:53:18 IST" name="home" finished-at="2023-09-16T12:53:18 IST" duration-ms="28" status="PASS">
          <reporter-output>
          </reporter-output>
        </test-method> <!-- home -->
        <test-method signature="home()[pri:-1, instance:testngbasic.Example2@6cf0e0ba]" started-at="2023-09-16T12:53:19 IST" name="home" finished-at="2023-09-16T12:53:19 IST" duration-ms="5" status="PASS">
          <reporter-output>
          </reporter-output>
        </test-method> <!-- home -->
        <test-method signature="home()[pri:-1, instance:testngbasic.Example2@6cf0e0ba]" started-at="2023-09-16T12:53:19 IST" name="home" finished-at="2023-09-16T12:53:19 IST" duration-ms="8" status="PASS">
          <reporter-output>
          </reporter-output>
        </test-method> <!-- home -->
        <test-method signature="home()[pri:-1, instance:testngbasic.Example2@6cf0e0ba]" started-at="2023-09-16T12:53:19 IST" name="home" finished-at="2023-09-16T12:53:19 IST" duration-ms="6" status="PASS">
          <reporter-output>
          </reporter-output>
        </test-method> <!-- home -->
        <test-method signature="home()[pri:-1, instance:testngbasic.Example2@6cf0e0ba]" started-at="2023-09-16T12:53:19 IST" name="home" finished-at="2023-09-16T12:53:19 IST" duration-ms="8" status="PASS">
          <reporter-output>
          </reporter-output>
        </test-method> <!-- home -->
        <test-method signature="contact()[pri:0, instance:testngbasic.Example2@6cf0e0ba]" started-at="2023-09-16T12:53:19 IST" name="contact" finished-at="2023-09-16T12:53:19 IST" duration-ms="5" status="FAIL">
          <exception class="java.lang.ArithmeticException">
            <message>
              <![CDATA[/ by zero]]>
            </message>
            <full-stacktrace>
              <![CDATA[java.lang.ArithmeticException: / by zero
at testngbasic.Example2.contact(Example2.java:16)
at java.base/jdk.internal.reflect.DirectMethodHandleAccessor.invoke(DirectMethodHandleAccessor.java:104)
at java.base/java.lang.reflect.Method.invoke(Method.java:578)
at org.testng.internal.invokers.MethodInvocationHelper.invokeMethod(MethodInvocationHelper.java:139)
at org.testng.internal.invokers.TestInvoker.invokeMethod(TestInvoker.java:664)
at org.testng.internal.invokers.TestInvoker.invokeTestMethod(TestInvoker.java:227)
at org.testng.internal.invokers.MethodRunner.runInSequence(MethodRunner.java:50)
at org.testng.internal.invokers.TestInvoker$MethodInvocationAgent.invoke(TestInvoker.java:957)
at org.testng.internal.invokers.TestInvoker.invokeTestMethods(TestInvoker.java:200)
at org.testng.internal.invokers.TestMethodWorker.invokeTestMethods(TestMethodWorker.java:148)
at org.testng.internal.invokers.TestMethodWorker.run(TestMethodWorker.java:128)
at java.base/java.util.ArrayList.forEach(ArrayList.java:1511)
at org.testng.TestRunner.privateRun(TestRunner.java:848)
at org.testng.TestRunner.run(TestRunner.java:621)
at org.testng.SuiteRunner.runTest(SuiteRunner.java:443)
at org.testng.SuiteRunner.runSequentially(SuiteRunner.java:437)
at org.testng.SuiteRunner.privateRun(SuiteRunner.java:397)
at org.testng.SuiteRunner.run(SuiteRunner.java:336)
at org.testng.SuiteRunnerWorker.runSuite(SuiteRunnerWorker.java:52)
at org.testng.SuiteRunnerWorker.run(SuiteRunnerWorker.java:95)
at org.testng.TestNG.runSuitesSequentially(TestNG.java:1280)
at org.testng.TestNG.runSuitesLocally(TestNG.java:1200)
at org.testng.TestNG.runSuites(TestNG.java:1114)
at org.testng.TestNG.run(TestNG.java:1082)
at org.testng.remote.AbstractRemoteTestNG.run(AbstractRemoteTestNG.java:115)
at org.testng.remote.RemoteTestNG.initAndRun(RemoteTestNG.java:251)
at org.testng.remote.RemoteTestNG.main(RemoteTestNG.java:77)
]]>
            </full-stacktrace>
          </exception> <!-- java.lang.ArithmeticException -->
          <reporter-output>
          </reporter-output>
        </test-method> <!-- contact -->
        <test-method signature="login()[pri:1, instance:testngbasic.Example2@6cf0e0ba]" started-at="2023-09-16T12:53:19 IST" name="login" finished-at="2023-09-16T12:53:19 IST" duration-ms="10" status="PASS">
          <reporter-output>
          </reporter-output>
        </test-method> <!-- login -->
      </class> <!-- testngbasic.Example2 -->
      <class name="testngbasic.Example1">
        <test-method signature="contact()[pri:0, instance:testngbasic.Example1@409bf450]" started-at="2023-09-16T12:53:19 IST" name="contact" finished-at="2023-09-16T12:53:19 IST" duration-ms="9" status="PASS">
          <reporter-output>
          </reporter-output>
        </test-method> <!-- contact -->
        <test-method signature="home()[pri:0, instance:testngbasic.Example1@409bf450]" started-at="2023-09-16T12:53:19 IST" name="home" finished-at="2023-09-16T12:53:19 IST" duration-ms="3" status="PASS">
          <reporter-output>
          </reporter-output>
        </test-method> <!-- home -->
        <test-method signature="home()[pri:0, instance:testngbasic.Example1@409bf450]" started-at="2023-09-16T12:53:19 IST" name="home" finished-at="2023-09-16T12:53:19 IST" duration-ms="25" status="PASS">
          <reporter-output>
          </reporter-output>
        </test-method> <!-- home -->
        <test-method signature="home()[pri:0, instance:testngbasic.Example1@409bf450]" started-at="2023-09-16T12:53:19 IST" name="home" finished-at="2023-09-16T12:53:19 IST" duration-ms="10" status="PASS">
          <reporter-output>
          </reporter-output>
        </test-method> <!-- home -->
        <test-method signature="home()[pri:0, instance:testngbasic.Example1@409bf450]" started-at="2023-09-16T12:53:19 IST" name="home" finished-at="2023-09-16T12:53:19 IST" duration-ms="7" status="PASS">
          <reporter-output>
          </reporter-output>
        </test-method> <!-- home -->
        <test-method signature="home()[pri:0, instance:testngbasic.Example1@409bf450]" started-at="2023-09-16T12:53:19 IST" name="home" finished-at="2023-09-16T12:53:19 IST" duration-ms="7" status="PASS">
          <reporter-output>
          </reporter-output>
        </test-method> <!-- home -->
        <test-method signature="login()[pri:1, instance:testngbasic.Example1@409bf450]" started-at="2023-09-16T12:53:19 IST" name="login" finished-at="2023-09-16T12:53:19 IST" duration-ms="10" status="PASS">
          <reporter-output>
          </reporter-output>
        </test-method> <!-- login -->
      </class> <!-- testngbasic.Example1 -->
    </test> <!-- Test -->
  </suite> <!-- Suite -->
</testng-results>
